{"D:\\open-soure-keploy-2\\opensource-uploads\\keploy-source-102\\api-server\\app.js": {"path":"D:\\open-soure-keploy-2\\opensource-uploads\\keploy-source-102\\api-server\\app.js","statementMap":{"0":{"start":{"line":2,"column":16},"end":{"line":2,"column":34}},"1":{"start":{"line":3,"column":19},"end":{"line":3,"column":48}},"2":{"start":{"line":5,"column":12},"end":{"line":5,"column":21}},"3":{"start":{"line":7,"column":0},"end":{"line":7,"column":24}},"4":{"start":{"line":8,"column":0},"end":{"line":8,"column":28}},"5":{"start":{"line":10,"column":0},"end":{"line":10,"column":21}}},"fnMap":{},"branchMap":{},"s":{"0":1,"1":1,"2":1,"3":1,"4":1,"5":1},"f":{},"b":{},"_coverageSchema":"1a1c01bbd47fc00a2c39e90264f33305004495a9","hash":"0013a0e7fd5c5388fcfc1d66c329a37a8e2a1b4e"}
,"D:\\open-soure-keploy-2\\opensource-uploads\\keploy-source-102\\api-server\\controllers\\userController.js": {"path":"D:\\open-soure-keploy-2\\opensource-uploads\\keploy-source-102\\api-server\\controllers\\userController.js","statementMap":{"0":{"start":{"line":1,"column":13},"end":{"line":1,"column":38}},"1":{"start":{"line":4,"column":0},"end":{"line":12,"column":2}},"2":{"start":{"line":5,"column":2},"end":{"line":11,"column":3}},"3":{"start":{"line":6,"column":17},"end":{"line":6,"column":35}},"4":{"start":{"line":7,"column":22},"end":{"line":7,"column":39}},"5":{"start":{"line":8,"column":4},"end":{"line":8,"column":36}},"6":{"start":{"line":10,"column":4},"end":{"line":10,"column":49}},"7":{"start":{"line":16,"column":0},"end":{"line":23,"column":2}},"8":{"start":{"line":17,"column":2},"end":{"line":22,"column":3}},"9":{"start":{"line":18,"column":18},"end":{"line":18,"column":35}},"10":{"start":{"line":19,"column":4},"end":{"line":19,"column":32}},"11":{"start":{"line":21,"column":4},"end":{"line":21,"column":49}},"12":{"start":{"line":26,"column":0},"end":{"line":37,"column":2}},"13":{"start":{"line":27,"column":2},"end":{"line":36,"column":3}},"14":{"start":{"line":28,"column":17},"end":{"line":32,"column":5}},"15":{"start":{"line":33,"column":4},"end":{"line":33,"column":31}},"16":{"start":{"line":35,"column":4},"end":{"line":35,"column":49}},"17":{"start":{"line":40,"column":0},"end":{"line":47,"column":2}},"18":{"start":{"line":41,"column":2},"end":{"line":46,"column":3}},"19":{"start":{"line":42,"column":4},"end":{"line":42,"column":48}},"20":{"start":{"line":43,"column":4},"end":{"line":43,"column":67}},"21":{"start":{"line":45,"column":4},"end":{"line":45,"column":49}}},"fnMap":{"0":{"name":"(anonymous_0)","decl":{"start":{"line":4,"column":21},"end":{"line":4,"column":22}},"loc":{"start":{"line":4,"column":41},"end":{"line":12,"column":1}},"line":4},"1":{"name":"(anonymous_1)","decl":{"start":{"line":16,"column":19},"end":{"line":16,"column":20}},"loc":{"start":{"line":16,"column":39},"end":{"line":23,"column":1}},"line":16},"2":{"name":"(anonymous_2)","decl":{"start":{"line":26,"column":21},"end":{"line":26,"column":22}},"loc":{"start":{"line":26,"column":41},"end":{"line":37,"column":1}},"line":26},"3":{"name":"(anonymous_3)","decl":{"start":{"line":40,"column":21},"end":{"line":40,"column":22}},"loc":{"start":{"line":40,"column":41},"end":{"line":47,"column":1}},"line":40}},"branchMap":{},"s":{"0":3,"1":3,"2":3,"3":3,"4":3,"5":3,"6":0,"7":3,"8":3,"9":3,"10":3,"11":0,"12":3,"13":1,"14":1,"15":1,"16":0,"17":3,"18":1,"19":1,"20":1,"21":0},"f":{"0":3,"1":3,"2":1,"3":1},"b":{},"_coverageSchema":"1a1c01bbd47fc00a2c39e90264f33305004495a9","hash":"485f9d1ed1db3f56ddcf19010327d391a0f19b14"}
,"D:\\open-soure-keploy-2\\opensource-uploads\\keploy-source-102\\api-server\\models\\user.js": {"path":"D:\\open-soure-keploy-2\\opensource-uploads\\keploy-source-102\\api-server\\models\\user.js","statementMap":{"0":{"start":{"line":1,"column":17},"end":{"line":1,"column":36}},"1":{"start":{"line":3,"column":19},"end":{"line":7,"column":2}},"2":{"start":{"line":9,"column":0},"end":{"line":9,"column":52}}},"fnMap":{},"branchMap":{},"s":{"0":2,"1":2,"2":2},"f":{},"b":{},"_coverageSchema":"1a1c01bbd47fc00a2c39e90264f33305004495a9","hash":"da3b4d8f6dd6a6a1f65d2e6816e4659ac55d82b2"}
,"D:\\open-soure-keploy-2\\opensource-uploads\\keploy-source-102\\api-server\\routes\\userRoute.js": {"path":"D:\\open-soure-keploy-2\\opensource-uploads\\keploy-source-102\\api-server\\routes\\userRoute.js","statementMap":{"0":{"start":{"line":3,"column":16},"end":{"line":3,"column":34}},"1":{"start":{"line":4,"column":15},"end":{"line":4,"column":31}},"2":{"start":{"line":10,"column":4},"end":{"line":10,"column":44}},"3":{"start":{"line":13,"column":0},"end":{"line":13,"column":34}},"4":{"start":{"line":16,"column":0},"end":{"line":16,"column":31}},"5":{"start":{"line":19,"column":0},"end":{"line":19,"column":37}},"6":{"start":{"line":22,"column":0},"end":{"line":22,"column":40}},"7":{"start":{"line":24,"column":0},"end":{"line":24,"column":24}}},"fnMap":{},"branchMap":{},"s":{"0":1,"1":1,"2":1,"3":1,"4":1,"5":1,"6":1,"7":1},"f":{},"b":{},"_coverageSchema":"1a1c01bbd47fc00a2c39e90264f33305004495a9","hash":"d9a246a906220731be9f30b2f959efbe20666dc4"}
}
