TN:
SF:app.js
FNF:0
FNH:0
DA:2,1
DA:3,1
DA:5,1
DA:7,1
DA:8,1
DA:10,1
LF:6
LH:6
BRF:0
BRH:0
end_of_record
TN:
SF:controllers\userController.js
FN:4,(anonymous_0)
FN:16,(anonymous_1)
FN:26,(anonymous_2)
FN:40,(anonymous_3)
FNF:4
FNH:4
FNDA:3,(anonymous_0)
FNDA:3,(anonymous_1)
FNDA:1,(anonymous_2)
FNDA:1,(anonymous_3)
DA:1,3
DA:4,3
DA:5,3
DA:6,3
DA:7,3
DA:8,3
DA:10,0
DA:16,3
DA:17,3
DA:18,3
DA:19,3
DA:21,0
DA:26,3
DA:27,1
DA:28,1
DA:33,1
DA:35,0
DA:40,3
DA:41,1
DA:42,1
DA:43,1
DA:45,0
LF:22
LH:18
BRF:0
BRH:0
end_of_record
TN:
SF:models\user.js
FNF:0
FNH:0
DA:1,2
DA:3,2
DA:9,2
LF:3
LH:3
BRF:0
BRH:0
end_of_record
TN:
SF:routes\userRoute.js
FNF:0
FNH:0
DA:3,1
DA:4,1
DA:10,1
DA:13,1
DA:16,1
DA:19,1
DA:22,1
DA:24,1
LF:8
LH:8
BRF:0
BRH:0
end_of_record
